2020-08-13 10:29:30 INFO     正在baiduFlac中搜索 ――> 情人...
2020-08-13 10:31:07 WARNING  无法在baiduFlac中搜索 ――> 情人...
2020-08-13 10:31:07 INFO     正在kugou中搜索 ――> 情人...
2020-08-13 10:31:07 INFO     正在kuwo中搜索 ――> 情人...
2020-08-13 10:31:10 INFO     正在netease中搜索 ――> 情人...
2020-08-13 10:31:18 WARNING  无法在netease中搜索 ――> 情人...
2020-08-13 10:31:18 INFO     正在qianqian中搜索 ――> 情人...
2020-08-13 10:33:28 WARNING  无法在qianqian中搜索 ――> 情人...
2020-08-13 10:33:28 INFO     正在qq中搜索 ――> 情人...
2020-08-13 10:33:38 INFO     正在migu中搜索 ――> 情人...
2020-08-13 10:33:39 INFO     正在xiami中搜索 ――> 情人...
2020-08-13 10:33:42 INFO     正在joox中搜索 ――> 情人...
2020-08-13 10:33:58 INFO     正在从kuwo下载 ――> kuwo_情人...
2020-08-13 10:34:09 INFO     成功从kuwo下载到了 ――> kuwo_情人...
2020-08-13 10:34:50 INFO     正在baiduFlac中搜索 ――> 说好不哭...
2020-08-13 10:35:56 WARNING  无法在baiduFlac中搜索 ――> 说好不哭...
2020-08-13 10:35:56 INFO     正在kugou中搜索 ――> 说好不哭...
2020-08-13 10:37:06 WARNING  无法在kugou中搜索 ――> 说好不哭...
2020-08-13 10:37:06 INFO     正在kuwo中搜索 ――> 说好不哭...
2020-08-13 10:37:07 INFO     正在netease中搜索 ――> 说好不哭...
2020-08-13 10:37:33 INFO     正在qianqian中搜索 ――> 说好不哭...
2020-08-13 10:39:35 WARNING  无法在qianqian中搜索 ――> 说好不哭...
2020-08-13 10:39:35 INFO     正在qq中搜索 ――> 说好不哭...
2020-08-13 10:39:37 INFO     正在migu中搜索 ――> 说好不哭...
2020-08-13 10:39:37 INFO     正在xiami中搜索 ――> 说好不哭...
2020-08-13 10:39:38 INFO     正在joox中搜索 ――> 说好不哭...
2020-08-13 10:40:45 INFO     正在baiduFlac中搜索 ――> 说好不哭...
2020-08-13 10:42:50 WARNING  无法在baiduFlac中搜索 ――> 说好不哭...
2020-08-13 10:42:50 INFO     正在kugou中搜索 ――> 说好不哭...
2020-08-13 10:42:51 INFO     正在kuwo中搜索 ――> 说好不哭...
2020-08-13 10:42:52 INFO     正在netease中搜索 ――> 说好不哭...
2020-08-13 10:43:23 INFO     正在qianqian中搜索 ――> 说好不哭...
2020-08-13 10:45:05 WARNING  无法在qianqian中搜索 ――> 说好不哭...
2020-08-13 10:45:05 INFO     正在qq中搜索 ――> 说好不哭...
2020-08-13 10:45:07 INFO     正在migu中搜索 ――> 说好不哭...
2020-08-13 10:45:07 INFO     正在xiami中搜索 ――> 说好不哭...
2020-08-13 10:45:08 INFO     正在joox中搜索 ――> 说好不哭...
2020-08-13 10:45:09 INFO     正在baiduFlac中搜索 ――> ...
2020-08-13 10:45:09 WARNING  无法在baiduFlac中搜索 ――> ...
2020-08-13 10:45:09 INFO     正在kugou中搜索 ――> ...
2020-08-13 10:45:10 INFO     正在kuwo中搜索 ――> ...
2020-08-13 10:45:10 WARNING  无法在kuwo中搜索 ――> ...
2020-08-13 10:45:10 INFO     正在netease中搜索 ――> ...
2020-08-13 10:45:13 WARNING  无法在netease中搜索 ――> ...
2020-08-13 10:45:13 INFO     正在qianqian中搜索 ――> ...
2020-08-13 10:45:14 WARNING  无法在qianqian中搜索 ――> ...
2020-08-13 10:45:14 INFO     正在qq中搜索 ――> ...
2020-08-13 10:45:14 INFO     正在migu中搜索 ――> ...
2020-08-13 10:45:14 WARNING  无法在migu中搜索 ――> ...
2020-08-13 10:45:14 INFO     正在xiami中搜索 ――> ...
2020-08-13 10:45:14 INFO     正在joox中搜索 ――> ...
2020-08-13 10:45:25 INFO     正在kugou中搜索 ――> Mojito...
2020-08-13 10:45:27 INFO     正在kuwo中搜索 ――> Mojito...
2020-08-13 10:45:29 INFO     正在netease中搜索 ――> Mojito...
2020-08-13 10:45:55 INFO     正在qq中搜索 ――> Mojito...
2020-08-13 10:45:57 INFO     正在migu中搜索 ――> Mojito...
2020-08-13 10:45:57 INFO     正在xiami中搜索 ――> Mojito...
2020-08-13 10:45:58 INFO     正在joox中搜索 ――> Mojito...
2020-08-13 10:46:24 INFO     正在从qq下载 ――> qq_Mojito...
2020-08-13 10:46:24 INFO     无法从qq下载 ――> qq_Mojito...
2020-08-13 10:46:32 INFO     正在kugou中搜索 ――> Mojito...
2020-08-13 10:46:33 INFO     正在kuwo中搜索 ――> Mojito...
2020-08-13 10:46:34 INFO     正在netease中搜索 ――> Mojito...
2020-08-13 10:46:59 INFO     正在qq中搜索 ――> Mojito...
2020-08-13 10:47:00 INFO     正在migu中搜索 ――> Mojito...
2020-08-13 10:47:00 INFO     正在xiami中搜索 ――> Mojito...
2020-08-13 10:47:01 INFO     正在joox中搜索 ――> Mojito...
2020-08-13 10:47:12 INFO     正在从migu下载 ――> migu_Mojito...
2020-08-13 10:47:20 INFO     成功从migu下载到了 ――> migu_Mojito...
2020-08-13 10:50:52 INFO     正在kugou中搜索 ――> 喉咙唱的沙哑...
2020-08-13 10:50:53 INFO     正在kuwo中搜索 ――> 喉咙唱的沙哑...
2020-08-13 10:50:54 INFO     正在netease中搜索 ――> 喉咙唱的沙哑...
2020-08-13 10:51:26 INFO     正在qq中搜索 ――> 喉咙唱的沙哑...
2020-08-13 10:51:28 INFO     正在migu中搜索 ――> 喉咙唱的沙哑...
2020-08-13 10:51:28 INFO     正在xiami中搜索 ――> 喉咙唱的沙哑...
2020-08-13 10:51:29 INFO     正在joox中搜索 ――> 喉咙唱的沙哑...
2020-08-13 10:52:08 INFO     正在kugou中搜索 ――> 喉咙唱的沙哑...
2020-08-13 10:52:09 INFO     正在kuwo中搜索 ――> 喉咙唱的沙哑...
2020-08-13 10:52:10 INFO     正在netease中搜索 ――> 喉咙唱的沙哑...
2020-08-13 10:52:46 INFO     正在qq中搜索 ――> 喉咙唱的沙哑...
2020-08-13 10:52:46 WARNING  无法在qq中搜索 ――> 喉咙唱的沙哑...
2020-08-13 10:52:46 INFO     正在migu中搜索 ――> 喉咙唱的沙哑...
2020-08-13 10:52:46 INFO     正在xiami中搜索 ――> 喉咙唱的沙哑...
2020-08-13 10:52:47 INFO     正在joox中搜索 ――> 喉咙唱的沙哑...
2020-08-13 10:52:47 WARNING  无法在joox中搜索 ――> 喉咙唱的沙哑...
2020-08-13 10:52:50 INFO     正在从netease下载 ――> netease_喉咙唱的沙哑...
2020-08-13 10:52:52 INFO     成功从netease下载到了 ――> netease_喉咙唱的沙哑...
2020-08-13 10:53:01 INFO     正在kugou中搜索 ――> 皆可...
2020-08-13 10:53:02 INFO     正在kuwo中搜索 ――> 皆可...
2020-08-13 10:53:03 INFO     正在netease中搜索 ――> 皆可...
2020-08-13 10:53:24 INFO     正在qq中搜索 ――> 皆可...
2020-08-13 10:53:26 INFO     正在migu中搜索 ――> 皆可...
2020-08-13 10:53:26 INFO     正在xiami中搜索 ――> 皆可...
2020-08-13 10:53:26 INFO     正在joox中搜索 ――> 皆可...
2020-08-13 10:53:49 INFO     正在从joox下载 ――> joox_皆可...
2020-08-13 10:53:53 INFO     成功从joox下载到了 ――> joox_皆可...
2020-08-13 10:54:34 INFO     正在kugou中搜索 ――> 有些...
2020-08-13 10:54:36 INFO     正在kuwo中搜索 ――> 有些...
2020-08-13 10:54:37 INFO     正在netease中搜索 ――> 有些...
2020-08-13 10:55:05 INFO     正在qq中搜索 ――> 有些...
2020-08-13 10:55:07 INFO     正在migu中搜索 ――> 有些...
2020-08-13 10:55:07 INFO     正在xiami中搜索 ――> 有些...
2020-08-13 10:55:07 INFO     正在joox中搜索 ――> 有些...
2020-08-13 10:55:27 INFO     正在从netease下载 ――> netease_有些...
2020-08-13 10:55:29 INFO     成功从netease下载到了 ――> netease_有些...
2020-08-13 10:55:36 INFO     正在kugou中搜索 ――> 嗜好...
2020-08-13 10:55:38 INFO     正在kuwo中搜索 ――> 嗜好...
2020-08-13 10:55:38 INFO     正在netease中搜索 ――> 嗜好...
2020-08-13 10:56:01 INFO     正在qq中搜索 ――> 嗜好...
2020-08-13 10:56:03 INFO     正在migu中搜索 ――> 嗜好...
2020-08-13 10:56:03 INFO     正在xiami中搜索 ――> 嗜好...
2020-08-13 10:56:03 INFO     正在joox中搜索 ――> 嗜好...
2020-08-13 10:56:59 INFO     正在从netease下载 ――> netease_嗜好...
2020-08-13 10:57:03 INFO     成功从netease下载到了 ――> netease_嗜好...
2020-08-13 10:57:12 INFO     正在kugou中搜索 ――> waiting for you...
2020-08-13 10:57:13 INFO     正在kuwo中搜索 ――> waiting for you...
2020-08-13 10:57:14 INFO     正在netease中搜索 ――> waiting for you...
2020-08-13 10:57:26 WARNING  无法在netease中搜索 ――> waiting for you...
2020-08-13 10:57:26 INFO     正在qq中搜索 ――> waiting for you...
2020-08-13 10:57:26 WARNING  无法在qq中搜索 ――> waiting for you...
2020-08-13 10:57:26 INFO     正在migu中搜索 ――> waiting for you...
2020-08-13 10:57:26 INFO     正在xiami中搜索 ――> waiting for you...
2020-08-13 10:57:27 INFO     正在joox中搜索 ――> waiting for you...
2020-08-13 10:57:27 WARNING  无法在joox中搜索 ――> waiting for you...
2020-08-13 10:58:29 INFO     正在kugou中搜索 ――> 嚣张...
2020-08-13 10:58:30 INFO     正在kuwo中搜索 ――> 嚣张...
2020-08-13 10:58:31 INFO     正在netease中搜索 ――> 嚣张...
2020-08-13 10:59:04 INFO     正在qq中搜索 ――> 嚣张...
2020-08-13 10:59:06 INFO     正在migu中搜索 ――> 嚣张...
2020-08-13 10:59:06 INFO     正在xiami中搜索 ――> 嚣张...
2020-08-13 10:59:06 INFO     正在joox中搜索 ――> 嚣张...
2020-08-13 10:59:44 INFO     正在从kugou下载 ――> kugou_嚣张...
2020-08-13 10:59:46 INFO     成功从kugou下载到了 ――> kugou_嚣张...
2020-08-13 10:59:59 INFO     正在kugou中搜索 ――> 晋江...
2020-08-13 11:00:01 INFO     正在kuwo中搜索 ――> 晋江...
2020-08-13 11:00:01 INFO     正在netease中搜索 ――> 晋江...
2020-08-13 11:00:29 INFO     正在qq中搜索 ――> 晋江...
2020-08-13 11:00:30 WARNING  无法在qq中搜索 ――> 晋江...
2020-08-13 11:00:30 INFO     正在migu中搜索 ――> 晋江...
2020-08-13 11:00:30 INFO     正在xiami中搜索 ――> 晋江...
2020-08-13 11:00:31 INFO     正在joox中搜索 ――> 晋江...
2020-08-13 11:00:31 WARNING  无法在joox中搜索 ――> 晋江...
2020-08-13 11:00:59 INFO     正在从kugou下载 ――> kugou_晋江...
2020-08-13 11:01:01 INFO     成功从kugou下载到了 ――> kugou_晋江...
2020-08-13 11:01:25 INFO     正在kugou中搜索 ――> 0...
2020-08-13 11:01:26 INFO     正在kuwo中搜索 ――> 0...
2020-08-13 11:01:27 INFO     正在netease中搜索 ――> 0...
2020-08-13 11:01:28 WARNING  无法在netease中搜索 ――> 0...
2020-08-13 11:01:28 INFO     正在qq中搜索 ――> 0...
2020-08-13 11:01:30 INFO     正在migu中搜索 ――> 0...
2020-08-13 11:01:30 WARNING  无法在migu中搜索 ――> 0...
2020-08-13 11:01:30 INFO     正在xiami中搜索 ――> 0...
2020-08-13 11:01:30 INFO     正在joox中搜索 ――> 0...
2020-08-13 11:01:41 INFO     正在kugou中搜索 ――> 晋江...
2020-08-13 11:01:41 INFO     正在kuwo中搜索 ――> 晋江...
2020-08-13 11:01:45 INFO     正在netease中搜索 ――> 晋江...
2020-08-13 11:02:19 INFO     正在qq中搜索 ――> 晋江...
2020-08-13 11:02:21 INFO     正在migu中搜索 ――> 晋江...
2020-08-13 11:02:21 INFO     正在xiami中搜索 ――> 晋江...
2020-08-13 11:02:21 INFO     正在joox中搜索 ――> 晋江...
2020-08-13 11:02:38 INFO     正在从netease下载 ――> netease_晋江...
2020-08-13 11:02:39 INFO     成功从netease下载到了 ――> netease_晋江...
2020-08-13 11:02:54 INFO     正在kugou中搜索 ――> 雅俗共赏...
2020-08-13 11:02:55 INFO     正在kuwo中搜索 ――> 雅俗共赏...
2020-08-13 11:02:56 INFO     正在netease中搜索 ――> 雅俗共赏...
2020-08-13 11:03:21 INFO     正在qq中搜索 ――> 雅俗共赏...
2020-08-13 11:03:23 INFO     正在migu中搜索 ――> 雅俗共赏...
2020-08-13 11:03:23 INFO     正在xiami中搜索 ――> 雅俗共赏...
2020-08-13 11:03:24 INFO     正在joox中搜索 ――> 雅俗共赏...
2020-08-13 11:03:53 INFO     正在从joox下载 ――> joox_雅俗共p...
2020-08-13 11:04:36 INFO     成功从joox下载到了 ――> joox_雅俗共p...
2020-08-13 11:04:45 INFO     正在kugou中搜索 ――> 情人...
2020-08-13 11:05:13 INFO     正在kuwo中搜索 ――> 情人...
2020-08-13 11:05:16 INFO     正在netease中搜索 ――> 情人...
2020-08-13 11:05:44 INFO     正在qq中搜索 ――> 情人...
2020-08-13 11:05:46 INFO     正在migu中搜索 ――> 情人...
2020-08-13 11:05:46 INFO     正在xiami中搜索 ――> 情人...
2020-08-13 11:05:47 INFO     正在joox中搜索 ――> 情人...
2020-08-13 11:05:58 INFO     正在从qq下载 ――> qq_情人...
2020-08-13 11:06:00 INFO     成功从qq下载到了 ――> qq_情人...
2020-08-13 11:06:26 INFO     正在kugou中搜索 ――> 鱼仔...
2020-08-13 11:06:30 INFO     正在kuwo中搜索 ――> 鱼仔...
2020-08-13 11:06:30 INFO     正在netease中搜索 ――> 鱼仔...
2020-08-13 11:06:49 WARNING  无法在netease中搜索 ――> 鱼仔...
2020-08-13 11:06:49 INFO     正在qq中搜索 ――> 鱼仔...
2020-08-13 11:06:50 WARNING  无法在qq中搜索 ――> 鱼仔...
2020-08-13 11:06:50 INFO     正在migu中搜索 ――> 鱼仔...
2020-08-13 11:06:50 INFO     正在xiami中搜索 ――> 鱼仔...
2020-08-13 11:06:51 INFO     正在joox中搜索 ――> 鱼仔...
2020-08-13 11:07:14 INFO     正在从joox下载 ――> joox_~仔...
2020-08-13 11:07:26 INFO     成功从joox下载到了 ――> joox_~仔...
2020-08-13 11:11:21 INFO     正在kugou中搜索 ――> cardigan...
2020-08-13 11:11:22 INFO     正在kuwo中搜索 ――> cardigan...
2020-08-13 11:11:23 INFO     正在netease中搜索 ――> cardigan...
2020-08-13 11:11:45 INFO     正在qq中搜索 ――> cardigan...
2020-08-13 11:11:47 INFO     正在migu中搜索 ――> cardigan...
2020-08-13 11:11:47 INFO     正在xiami中搜索 ――> cardigan...
2020-08-13 11:11:48 INFO     正在joox中搜索 ――> cardigan...
2020-08-13 11:12:30 INFO     正在从joox下载 ――> joox_cardigan...
2020-08-13 11:12:36 INFO     成功从joox下载到了 ――> joox_cardigan...
